2020-11-20 16:17:00.9734||DEBUG|VcWebApi.Program|init main 
2020-11-20 16:17:04.0819||INFO|Microsoft.Hosting.Lifetime|Now listening on: https://localhost:5001 
2020-11-20 16:17:04.0819||INFO|Microsoft.Hosting.Lifetime|Now listening on: http://localhost:5000 
2020-11-20 16:17:04.0819||INFO|Microsoft.Hosting.Lifetime|Application started. Press Ctrl+C to shut down. 
2020-11-20 16:17:04.0819||INFO|Microsoft.Hosting.Lifetime|Hosting environment: Development 
2020-11-20 16:17:04.0819||INFO|Microsoft.Hosting.Lifetime|Content root path: E:\belajar\.NET VS Code\VcWebApi 
2020-11-20 17:07:35.9315||DEBUG|VcWebApi.Program|init main 
2020-11-20 17:07:36.4024||INFO|Microsoft.Hosting.Lifetime|Now listening on: https://localhost:5001 
2020-11-20 17:07:36.4141||INFO|Microsoft.Hosting.Lifetime|Now listening on: http://localhost:5000 
2020-11-20 17:07:36.4141||INFO|Microsoft.Hosting.Lifetime|Application started. Press Ctrl+C to shut down. 
2020-11-20 17:07:36.4141||INFO|Microsoft.Hosting.Lifetime|Hosting environment: Development 
2020-11-20 17:07:36.4295||INFO|Microsoft.Hosting.Lifetime|Content root path: E:\belajar\.NET VS Code\vcwebapi 
2020-11-20 17:08:51.9426||INFO|Microsoft.Hosting.Lifetime|Application is shutting down... 
2020-11-20 17:10:16.9521||DEBUG|VcWebApi.Program|init main 
2020-11-20 17:10:17.8665||INFO|Microsoft.Hosting.Lifetime|Now listening on: https://localhost:5001 
2020-11-20 17:10:17.8665||INFO|Microsoft.Hosting.Lifetime|Now listening on: http://localhost:5000 
2020-11-20 17:10:17.8665||INFO|Microsoft.Hosting.Lifetime|Application started. Press Ctrl+C to shut down. 
2020-11-20 17:10:17.8665||INFO|Microsoft.Hosting.Lifetime|Hosting environment: Development 
2020-11-20 17:10:17.8665||INFO|Microsoft.Hosting.Lifetime|Content root path: E:\belajar\.NET VS Code\VcWebApi 
2020-11-20 17:10:34.2340||DEBUG|VcWebApi.Program|init main 
2020-11-20 17:10:35.0953||INFO|Microsoft.Hosting.Lifetime|Now listening on: https://localhost:5001 
2020-11-20 17:10:35.1038||INFO|Microsoft.Hosting.Lifetime|Now listening on: http://localhost:5000 
2020-11-20 17:10:35.1038||INFO|Microsoft.Hosting.Lifetime|Application started. Press Ctrl+C to shut down. 
2020-11-20 17:10:35.1038||INFO|Microsoft.Hosting.Lifetime|Hosting environment: Development 
2020-11-20 17:10:35.1038||INFO|Microsoft.Hosting.Lifetime|Content root path: E:\belajar\.NET VS Code\VcWebApi 
2020-11-20 17:11:00.7757||DEBUG|VcWebApi.Program|init main 
2020-11-20 17:11:01.6362||INFO|Microsoft.Hosting.Lifetime|Now listening on: https://localhost:5001 
2020-11-20 17:11:01.6472||INFO|Microsoft.Hosting.Lifetime|Now listening on: http://localhost:5000 
2020-11-20 17:11:01.6472||INFO|Microsoft.Hosting.Lifetime|Application started. Press Ctrl+C to shut down. 
2020-11-20 17:11:01.6472||INFO|Microsoft.Hosting.Lifetime|Hosting environment: Development 
2020-11-20 17:11:01.6472||INFO|Microsoft.Hosting.Lifetime|Content root path: E:\belajar\.NET VS Code\VcWebApi 
2020-11-20 17:14:00.7356||DEBUG|VcWebApi.Program|init main 
2020-11-20 17:14:01.0219||INFO|Microsoft.Hosting.Lifetime|Now listening on: https://localhost:5001 
2020-11-20 17:14:01.0219||INFO|Microsoft.Hosting.Lifetime|Now listening on: http://localhost:5000 
2020-11-20 17:14:01.0402||INFO|Microsoft.Hosting.Lifetime|Application started. Press Ctrl+C to shut down. 
2020-11-20 17:14:01.0402||INFO|Microsoft.Hosting.Lifetime|Hosting environment: Development 
2020-11-20 17:14:01.0507||INFO|Microsoft.Hosting.Lifetime|Content root path: E:\belajar\.NET VS Code\VcWebApi 
2020-11-20 17:14:10.1763||DEBUG|VcWebApi.Program|init main 
2020-11-20 17:14:11.1578||FATAL|Microsoft.AspNetCore.Server.Kestrel|Unable to start Kestrel. System.IO.IOException: Failed to bind to address https://127.0.0.1:5001: address already in use.
 ---> Microsoft.AspNetCore.Connections.AddressInUseException: Only one usage of each socket address (protocol/network address/port) is normally permitted.
 ---> System.Net.Sockets.SocketException (10048): Only one usage of each socket address (protocol/network address/port) is normally permitted.
   at System.Net.Sockets.Socket.UpdateStatusAfterSocketErrorAndThrowException(SocketError error, String callerName)
   at System.Net.Sockets.Socket.DoBind(EndPoint endPointSnapshot, SocketAddress socketAddress)
   at System.Net.Sockets.Socket.Bind(EndPoint localEP)
   at Microsoft.AspNetCore.Server.Kestrel.Transport.Sockets.SocketConnectionListener.Bind()
   --- End of inner exception stack trace ---
   at Microsoft.AspNetCore.Server.Kestrel.Transport.Sockets.SocketConnectionListener.Bind()
   at Microsoft.AspNetCore.Server.Kestrel.Transport.Sockets.SocketTransportFactory.BindAsync(EndPoint endpoint, CancellationToken cancellationToken)
   at Microsoft.AspNetCore.Server.Kestrel.Core.KestrelServer.<>c__DisplayClass21_0`1.<<StartAsync>g__OnBind|0>d.MoveNext()
--- End of stack trace from previous location where exception was thrown ---
   at Microsoft.AspNetCore.Server.Kestrel.Core.Internal.AddressBinder.BindEndpointAsync(ListenOptions endpoint, AddressBindContext context)
   --- End of inner exception stack trace ---
   at Microsoft.AspNetCore.Server.Kestrel.Core.Internal.AddressBinder.BindEndpointAsync(ListenOptions endpoint, AddressBindContext context)
   at Microsoft.AspNetCore.Server.Kestrel.Core.LocalhostListenOptions.BindAsync(AddressBindContext context)
   at Microsoft.AspNetCore.Server.Kestrel.Core.Internal.AddressBinder.AddressesStrategy.BindAsync(AddressBindContext context)
   at Microsoft.AspNetCore.Server.Kestrel.Core.Internal.AddressBinder.BindAsync(IServerAddressesFeature addresses, KestrelServerOptions serverOptions, ILogger logger, Func`2 createBinding)
   at Microsoft.AspNetCore.Server.Kestrel.Core.KestrelServer.StartAsync[TContext](IHttpApplication`1 application, CancellationToken cancellationToken)
2020-11-20 17:14:11.4696||ERROR|VcWebApi.Program|Stopped program because of exception System.IO.IOException: Failed to bind to address https://127.0.0.1:5001: address already in use.
 ---> Microsoft.AspNetCore.Connections.AddressInUseException: Only one usage of each socket address (protocol/network address/port) is normally permitted.
 ---> System.Net.Sockets.SocketException (10048): Only one usage of each socket address (protocol/network address/port) is normally permitted.
   at System.Net.Sockets.Socket.UpdateStatusAfterSocketErrorAndThrowException(SocketError error, String callerName)
   at System.Net.Sockets.Socket.DoBind(EndPoint endPointSnapshot, SocketAddress socketAddress)
   at System.Net.Sockets.Socket.Bind(EndPoint localEP)
   at Microsoft.AspNetCore.Server.Kestrel.Transport.Sockets.SocketConnectionListener.Bind()
   --- End of inner exception stack trace ---
   at Microsoft.AspNetCore.Server.Kestrel.Transport.Sockets.SocketConnectionListener.Bind()
   at Microsoft.AspNetCore.Server.Kestrel.Transport.Sockets.SocketTransportFactory.BindAsync(EndPoint endpoint, CancellationToken cancellationToken)
   at Microsoft.AspNetCore.Server.Kestrel.Core.KestrelServer.<>c__DisplayClass21_0`1.<<StartAsync>g__OnBind|0>d.MoveNext()
--- End of stack trace from previous location where exception was thrown ---
   at Microsoft.AspNetCore.Server.Kestrel.Core.Internal.AddressBinder.BindEndpointAsync(ListenOptions endpoint, AddressBindContext context)
   --- End of inner exception stack trace ---
   at Microsoft.AspNetCore.Server.Kestrel.Core.Internal.AddressBinder.BindEndpointAsync(ListenOptions endpoint, AddressBindContext context)
   at Microsoft.AspNetCore.Server.Kestrel.Core.LocalhostListenOptions.BindAsync(AddressBindContext context)
   at Microsoft.AspNetCore.Server.Kestrel.Core.Internal.AddressBinder.AddressesStrategy.BindAsync(AddressBindContext context)
   at Microsoft.AspNetCore.Server.Kestrel.Core.Internal.AddressBinder.BindAsync(IServerAddressesFeature addresses, KestrelServerOptions serverOptions, ILogger logger, Func`2 createBinding)
   at Microsoft.AspNetCore.Server.Kestrel.Core.KestrelServer.StartAsync[TContext](IHttpApplication`1 application, CancellationToken cancellationToken)
   at Microsoft.AspNetCore.Hosting.GenericWebHostService.StartAsync(CancellationToken cancellationToken)
   at Microsoft.Extensions.Hosting.Internal.Host.StartAsync(CancellationToken cancellationToken)
   at Microsoft.Extensions.Hosting.HostingAbstractionsHostExtensions.RunAsync(IHost host, CancellationToken token)
   at Microsoft.Extensions.Hosting.HostingAbstractionsHostExtensions.RunAsync(IHost host, CancellationToken token)
   at Microsoft.Extensions.Hosting.HostingAbstractionsHostExtensions.Run(IHost host)
   at VcWebApi.Program.Main(String[] args) in E:\belajar\.NET VS Code\VcWebApi\Program.cs:line 20
2020-11-20 17:15:04.4228||INFO|Microsoft.Hosting.Lifetime|Application is shutting down... 
2020-11-20 17:15:24.7700||DEBUG|VcWebApi.Program|init main 
2020-11-20 17:15:25.6403||INFO|Microsoft.Hosting.Lifetime|Now listening on: https://localhost:5001 
2020-11-20 17:15:25.6478||INFO|Microsoft.Hosting.Lifetime|Now listening on: http://localhost:5000 
2020-11-20 17:15:25.6478||INFO|Microsoft.Hosting.Lifetime|Application started. Press Ctrl+C to shut down. 
2020-11-20 17:15:25.6478||INFO|Microsoft.Hosting.Lifetime|Hosting environment: Development 
2020-11-20 17:15:25.6478||INFO|Microsoft.Hosting.Lifetime|Content root path: E:\belajar\.NET VS Code\VcWebApi 
2020-11-20 17:16:02.3581||DEBUG|VcWebApi.Program|init main 
2020-11-20 17:16:03.2073||INFO|Microsoft.Hosting.Lifetime|Now listening on: https://localhost:5001 
2020-11-20 17:16:03.2073||INFO|Microsoft.Hosting.Lifetime|Now listening on: http://localhost:5000 
2020-11-20 17:16:03.2073||INFO|Microsoft.Hosting.Lifetime|Application started. Press Ctrl+C to shut down. 
2020-11-20 17:16:03.2073||INFO|Microsoft.Hosting.Lifetime|Hosting environment: Development 
2020-11-20 17:16:03.2073||INFO|Microsoft.Hosting.Lifetime|Content root path: E:\belajar\.NET VS Code\VcWebApi 
